#
# A fatal error has been detected by the Java Runtime Environment:
#
#  EXCEPTION_ACCESS_VIOLATION (0xc0000005) at pc=0x00007ffb51a5bf81, pid=4512, tid=19232
#
# JRE version: OpenJDK Runtime Environment Microsoft-30338 (17.0.2+8) (build 17.0.2+8-LTS)
# Java VM: OpenJDK 64-Bit Server VM Microsoft-30338 (17.0.2+8-LTS, mixed mode, sharing, tiered, compressed oops, compressed class ptrs, g1 gc, windows-amd64)
# Problematic frame:
# C  [ntdll.dll+0xabf81]
#
# No core dump will be written. Minidumps are not enabled by default on client versions of Windows
#
# If you would like to submit a bug report, please visit:
#   https://github.com/microsoft/openjdk/issues
#

---------------  S U M M A R Y ------------

Command Line: -Dfile.encoding=windows-1251 -Duser.country=RU -Duser.language=ru -Duser.variant me.velikoss.Main

Host: AMD Ryzen 7 2700 Eight-Core Processor          , 16 cores, 15G,  Windows 11 , 64 bit Build 22621 (10.0.22621.2506)
Time: Mon Dec 18 17:08:43 2023 RTZ 2 (s 11 , 64 bit Build 22621 (10.0.22621.2506) elapsed time: 1.524674 seconds (0d 0h 0m 1s)

---------------  T H R E A D  ---------------

Current thread (0x00000190d5367350):  JavaThread "pool-597-thread-3" [_thread_in_vm, id=19232, stack(0x0000000e18900000,0x0000000e18a00000)]

Stack: [0x0000000e18900000,0x0000000e18a00000],  sp=0x0000000e189ff860,  free space=1022k
Native frames: (J=compiled Java code, j=interpreted, Vv=VM code, C=native code)
C  [ntdll.dll+0xabf81]
C  [ntdll.dll+0x3ab11]
C  [ucrtbase.dll+0x137eb]
V  [jvm.dll+0x7eaf1e]
V  [jvm.dll+0x7e6bf1]
V  [jvm.dll+0x7e3847]
V  [jvm.dll+0x7e571c]
V  [jvm.dll+0x6757a5]
C  [ucrtbase.dll+0x29363]
C  [KERNEL32.DLL+0x1257d]
C  [ntdll.dll+0x5aa58]


siginfo: EXCEPTION_ACCESS_VIOLATION (0xc0000005), reading address 0xffffffffffffffff


Register to memory mapping:

RIP=0x00007ffb51a5bf81 ntdll.dll
RAX=0x00000190d4b7f470 points into unknown readable memory: 0xbf11f73b43880000 | 00 00 88 43 3b f7 11 bf
RBX=0xbf11f73b43880000 is an unknown value
RCX=0x0000000000000880 is an unknown value
RDX=0x00000190d4b7fd00 points into unknown readable memory: 0x00000190aed96240 | 40 62 d9 ae 90 01 00 00
RSP=0x0000000e189ff860 points into unknown readable memory: 0x0000000000000000 | 00 00 00 00 00 00 00 00
RBP=0x00000190d4b7fcf0 points into unknown readable memory: 0x0000000000000000 | 00 00 00 00 00 00 00 00
RSI=0x00000190d4b7fd00 points into unknown readable memory: 0x00000190aed96240 | 40 62 d9 ae 90 01 00 00
RDI=0x0 is NULL
R8 =0x00000000d3005edf is an unknown value
R9 =0x0 is NULL
R10=0x0000000000000003 is an unknown value
R11=0x800000000003e79a is an unknown value
R12=0x0 is NULL
R13=0x00000190acb90000 points into unknown readable memory: 0x0000000000000000 | 00 00 00 00 00 00 00 00
R14=0x00000190d6688a40 points into unknown readable memory: 0x00000040544c5354 | 54 53 4c 54 40 00 00 00
R15=0x0 is NULL


Registers:
RAX=0x00000190d4b7f470, RBX=0xbf11f73b43880000, RCX=0x0000000000000880, RDX=0x00000190d4b7fd00
RSP=0x0000000e189ff860, RBP=0x00000190d4b7fcf0, RSI=0x00000190d4b7fd00, RDI=0x0000000000000000
R8 =0x00000000d3005edf, R9 =0x0000000000000000, R10=0x0000000000000003, R11=0x800000000003e79a
R12=0x0000000000000000, R13=0x00000190acb90000, R14=0x00000190d6688a40, R15=0x0000000000000000
RIP=0x00007ffb51a5bf81, EFLAGS=0x0000000000010286

Top of Stack: (sp=0x0000000e189ff860)
0x0000000e189ff860:   0000000000000000 00007ffb0ce79400
0x0000000e189ff870:   0000000000000020 0000000000002038
0x0000000e189ff880:   0000000000000000 0000000e189f0000
0x0000000e189ff890:   00000190d4b7fcff 00007ffb0ce79400
0x0000000e189ff8a0:   0000000000000020 bf11f73b43880000
0x0000000e189ff8b0:   0000000000000002 0000000e189ffb20
0x0000000e189ff8c0:   00000190d5490a10 00007ffb0ce79400
0x0000000e189ff8d0:   0000000000002038 00007ffb0c8b63ac
0x0000000e189ff8e0:   0000000000000000 0000000000000000
0x0000000e189ff8f0:   00000190d4b87a70 00000190d6688a40
0x0000000e189ff900:   0000000000000001 0000000000000000
0x0000000e189ff910:   00000190d4b7fd00 00007ffb519eab11
0x0000000e189ff920:   00000190d4b7fcf0 00000190acb90000
0x0000000e189ff930:   0000000000000001 0000000000000000
0x0000000e189ff940:   0000000000000000 00007ffb0cff4ed6
0x0000000e189ff950:   00000190d4f79a00 00007ffb4f1537eb 

Instructions: (pc=0x00007ffb51a5bf81)
0x00007ffb51a5be81:   c2 48 03 c8 eb 07 0f b7 ca 48 c1 e1 04 48 8d 04
0x00007ffb51a5be91:   29 48 3b c6 73 57 41 ba 03 00 00 00 48 8b cf 48
0x00007ffb51a5bea1:   8b c7 48 89 4c 24 28 4c 8b ce 41 8b ca 48 89 44
0x00007ffb51a5beb1:   24 20 4c 8b c5 49 8b d5 e8 e2 5b 07 00 65 48 8b
0x00007ffb51a5bec1:   04 25 30 00 00 00 b9 0d 00 00 c0 c7 80 50 12 00
0x00007ffb51a5bed1:   00 0d 00 00 c0 65 48 8b 1c 25 30 00 00 00 e8 5c
0x00007ffb51a5bee1:   72 fa ff 89 43 68 8b df e9 c3 fb f8 ff 41 f7 c7
0x00007ffb51a5bef1:   02 01 00 3c 0f 85 2c ff f8 ff 80 7e ff 05 48 8d
0x00007ffb51a5bf01:   4e f0 75 11 0f b6 41 0e 48 c1 e0 04 48 2b c8 48
0x00007ffb51a5bf11:   83 c1 10 eb 03 48 8b cf 48 89 4c 24 20 45 8b ca
0x00007ffb51a5bf21:   8b 4e f8 4c 8b c6 49 8b d5 48 89 5c 24 30 e8 ea
0x00007ffb51a5bf31:   2d 00 00 85 c0 78 86 41 ba 03 00 00 00 e9 e4 fe
0x00007ffb51a5bf41:   f8 ff 44 8b 05 be b3 0d 00 48 8b cd 48 c1 e9 04
0x00007ffb51a5bf51:   33 4d 08 41 33 cd 41 33 c8 66 85 c9 0f 85 da 04
0x00007ffb51a5bf61:   00 00 48 c1 e9 0c 48 8b c5 48 2b c1 48 8b 18 48
0x00007ffb51a5bf71:   89 5c 24 48 48 85 db 0f 84 bf 04 00 00 0f 0d 0b
0x00007ffb51a5bf81:   4c 8b 4b 08 8b 45 0c c1 e8 08 0f b7 d0 48 8b 03
0x00007ffb51a5bf91:   4c 89 4c 24 50 89 54 24 38 48 8b 08 4c 8b 71 18
0x00007ffb51a5bfa1:   41 8b c6 41 33 41 18 41 33 c0 41 33 c1 8b c8 c1
0x00007ffb51a5bfb1:   e8 10 0f af c2 0f b7 c9 49 03 c1 48 03 c8 48 3b
0x00007ffb51a5bfc1:   cd 74 09 49 8b 56 18 e9 73 04 00 00 e8 de eb f8
0x00007ffb51a5bfd1:   ff 85 c0 74 19 65 48 8b 04 25 60 00 00 00 48 8b
0x00007ffb51a5bfe1:   88 90 00 00 00 48 81 c1 26 02 00 00 eb 05 b9 80
0x00007ffb51a5bff1:   03 fe 7f 40 38 39 74 2d 65 48 8b 04 25 60 00 00
0x00007ffb51a5c001:   00 f6 80 78 03 00 00 01 74 1b 49 8b 4e 18 48 8d
0x00007ffb51a5c011:   55 10 41 b8 02 00 00 00 e8 42 b8 06 00 48 8b ac
0x00007ffb51a5c021:   24 c0 00 00 00 66 83 3c 25 6a 03 fe 7f 01 44 8b
0x00007ffb51a5c031:   cf b8 64 00 00 00 44 8b c7 44 0f 47 c8 eb 05 48
0x00007ffb51a5c041:   8b 5c 24 48 8b 5b 20 49 c7 c6 ff ff ff ff 48 8b
0x00007ffb51a5c051:   54 24 48 8b c3 c1 e8 10 66 0f ba e0 0f 72 11 8b
0x00007ffb51a5c061:   cb 8b c3 81 c9 00 00 00 80 f0 0f b1 4a 20 74 0b
0x00007ffb51a5c071:   41 ff c0 45 3b c1 76 c7 41 8b de 48 8b 44 24 30 


Stack slot to memory mapping:
stack at sp + 0 slots: 0x0 is NULL
stack at sp + 1 slots: 0x00007ffb0ce79400 jvm.dll
stack at sp + 2 slots: 0x0000000000000020 is an unknown value
stack at sp + 3 slots: 0x0000000000002038 is an unknown value
stack at sp + 4 slots: 0x0 is NULL
stack at sp + 5 slots: 0x0000000e189f0000 is an unknown value
stack at sp + 6 slots: 0x00000190d4b7fcff points into unknown readable memory: 88
stack at sp + 7 slots: 0x00007ffb0ce79400 jvm.dll


---------------  P R O C E S S  ---------------

Threads class SMR info:
_java_thread_list=0x00000190d5490a10, length=63, elements={
0x00000190aed96240, 0x00000190d28e1340, 0x00000190d28e21b0, 0x00000190d28f5830,
0x00000190d28f86f0, 0x00000190d28f96b0, 0x00000190d28fa060, 0x00000190d28fe240,
0x00000190d29075b0, 0x00000190d290d940, 0x00000190d2909410, 0x00000190d352c5e0,
0x00000190d352e180, 0x00000190d5219b40, 0x00000190d2907fd0, 0x00000190d290a850,
0x00000190d2907ac0, 0x00000190d29089f0, 0x00000190d632fa60, 0x00000190d632f0c0,
0x00000190d6330400, 0x00000190d6868b70, 0x00000190d686b1f0, 0x00000190d68699e0,
0x00000190d686dd40, 0x00000190d4ae8360, 0x00000190d686a850, 0x00000190d6869040,
0x00000190d632e250, 0x00000190d63325b0, 0x00000190d4aea040, 0x00000190d4aee870,
0x00000190d686b6c0, 0x00000190d4289a50, 0x00000190d4286a30, 0x00000190d686bb90,
0x00000190d686c060, 0x00000190d4289f20, 0x00000190d68686a0, 0x00000190d686f080,
0x00000190d686f550, 0x00000190d4aeb380, 0x00000190d6331c10, 0x00000190d63338f0,
0x00000190d686a380, 0x00000190d4ae9b70, 0x00000190d632ff30, 0x00000190d4285bc0,
0x00000190d6b62ed0, 0x00000190d4ae7e90, 0x00000190d632e720, 0x00000190d4ae79c0,
0x00000190d53669b0, 0x00000190d5368690, 0x00000190d4287d70, 0x00000190d42843b0,
0x00000190d4288240, 0x00000190d4284880, 0x00000190d6b65550, 0x00000190d6b63d40,
0x00000190d6b67bd0, 0x00000190d6b680a0, 0x00000190d6b64210
}
_to_delete_list=0x00000190d4f79a00, length=65, elements={
0x00000190aed96240, 0x00000190d28e1340, 0x00000190d28e21b0, 0x00000190d28f5830,
0x00000190d28f86f0, 0x00000190d28f96b0, 0x00000190d28fa060, 0x00000190d28fe240,
0x00000190d29075b0, 0x00000190d290d940, 0x00000190d2909410, 0x00000190d352c5e0,
0x00000190d352e180, 0x00000190d5219b40, 0x00000190d2907fd0, 0x00000190d290a850,
0x00000190d2907ac0, 0x00000190d29089f0, 0x00000190d632fa60, 0x00000190d632f0c0,
0x00000190d6330400, 0x00000190d6868b70, 0x00000190d686b1f0, 0x00000190d68699e0,
0x00000190d686dd40, 0x00000190d4ae8360, 0x00000190d686a850, 0x00000190d6869040,
0x00000190d632e250, 0x00000190d63325b0, 0x00000190d4aea040, 0x00000190d4aee870,
0x00000190d686b6c0, 0x00000190d4289a50, 0x00000190d4286a30, 0x00000190d686bb90,
0x00000190d686c060, 0x00000190d4289f20, 0x00000190d68686a0, 0x00000190d686f080,
0x00000190d686f550, 0x00000190d4aeb380, 0x00000190d6331c10, 0x00000190d63338f0,
0x00000190d686a380, 0x00000190d4ae9b70, 0x00000190d632ff30, 0x00000190d4ae8830,
0x00000190d4285bc0, 0x00000190d6b62ed0, 0x00000190d4ae7e90, 0x00000190d632e720,
0x00000190d5367350, 0x00000190d4ae79c0, 0x00000190d53669b0, 0x00000190d5368690,
0x00000190d4287d70, 0x00000190d42843b0, 0x00000190d4288240, 0x00000190d4284880,
0x00000190d6b65550, 0x00000190d6b63d40, 0x00000190d6b67bd0, 0x00000190d6b680a0,
0x00000190d6b64210
}

Java Threads: ( => current thread )
  0x00000190aed96240 JavaThread "main" [_thread_blocked, id=19820, stack(0x0000000e12300000,0x0000000e12400000)]
  0x00000190d28e1340 JavaThread "Reference Handler" daemon [_thread_blocked, id=19868, stack(0x0000000e12a00000,0x0000000e12b00000)]
  0x00000190d28e21b0 JavaThread "Finalizer" daemon [_thread_blocked, id=19860, stack(0x0000000e12b00000,0x0000000e12c00000)]
  0x00000190d28f5830 JavaThread "Signal Dispatcher" daemon [_thread_blocked, id=19864, stack(0x0000000e12c00000,0x0000000e12d00000)]
  0x00000190d28f86f0 JavaThread "Attach Listener" daemon [_thread_blocked, id=19856, stack(0x0000000e12d00000,0x0000000e12e00000)]
  0x00000190d28f96b0 JavaThread "Service Thread" daemon [_thread_blocked, id=5744, stack(0x0000000e12e00000,0x0000000e12f00000)]
  0x00000190d28fa060 JavaThread "Monitor Deflation Thread" daemon [_thread_blocked, id=16340, stack(0x0000000e12f00000,0x0000000e13000000)]
  0x00000190d28fe240 JavaThread "C2 CompilerThread0" daemon [_thread_blocked, id=20284, stack(0x0000000e13000000,0x0000000e13100000)]
  0x00000190d29075b0 JavaThread "C1 CompilerThread0" daemon [_thread_blocked, id=2940, stack(0x0000000e13100000,0x0000000e13200000)]
  0x00000190d290d940 JavaThread "Sweeper thread" daemon [_thread_blocked, id=4860, stack(0x0000000e13200000,0x0000000e13300000)]
  0x00000190d2909410 JavaThread "C1 CompilerThread1" daemon [_thread_blocked, id=20296, stack(0x0000000e13300000,0x0000000e13400000)]
  0x00000190d352c5e0 JavaThread "Notification Thread" daemon [_thread_blocked, id=19784, stack(0x0000000e13400000,0x0000000e13500000)]
  0x00000190d352e180 JavaThread "Common-Cleaner" daemon [_thread_blocked, id=19736, stack(0x0000000e13600000,0x0000000e13700000)]
  0x00000190d5219b40 JavaThread "JavaCPP Deallocator" daemon [_thread_blocked, id=20172, stack(0x0000000e13b00000,0x0000000e13c00000)]
  0x00000190d2907fd0 JavaThread "C1 CompilerThread2" daemon [_thread_blocked, id=8368, stack(0x0000000e15500000,0x0000000e15600000)]
  0x00000190d290a850 JavaThread "C1 CompilerThread3" daemon [_thread_blocked, id=20068, stack(0x0000000e16b00000,0x0000000e16c00000)]
  0x00000190d2907ac0 JavaThread "C2 CompilerThread1" daemon [_thread_blocked, id=6608, stack(0x0000000e1a700000,0x0000000e1a800000)]
  0x00000190d29089f0 JavaThread "C2 CompilerThread2" daemon [_thread_blocked, id=17320, stack(0x0000000e18b00000,0x0000000e18c00000)]
  0x00000190d632fa60 JavaThread "pool-533-thread-1" [_thread_blocked, id=10484, stack(0x0000000e14900000,0x0000000e14a00000)]
  0x00000190d632f0c0 JavaThread "pool-533-thread-2" [_thread_blocked, id=20652, stack(0x0000000e14800000,0x0000000e14900000)]
  0x00000190d6330400 JavaThread "pool-533-thread-3" [_thread_blocked, id=13912, stack(0x0000000e13a00000,0x0000000e13b00000)]
  0x00000190d6868b70 JavaThread "pool-533-thread-4" [_thread_blocked, id=21456, stack(0x0000000e15400000,0x0000000e15500000)]
  0x00000190d686b1f0 JavaThread "pool-533-thread-5" [_thread_blocked, id=8440, stack(0x0000000e13800000,0x0000000e13900000)]
  0x00000190d68699e0 JavaThread "pool-533-thread-6" [_thread_blocked, id=10348, stack(0x0000000e14a00000,0x0000000e14b00000)]
  0x00000190d686dd40 JavaThread "pool-533-thread-7" [_thread_blocked, id=14164, stack(0x0000000e14700000,0x0000000e14800000)]
  0x00000190d4ae8360 JavaThread "pool-533-thread-8" [_thread_blocked, id=11724, stack(0x0000000e15000000,0x0000000e15100000)]
  0x00000190d686a850 JavaThread "pool-533-thread-9" [_thread_blocked, id=10860, stack(0x0000000e15300000,0x0000000e15400000)]
  0x00000190d6869040 JavaThread "pool-533-thread-10" [_thread_blocked, id=19888, stack(0x0000000e17000000,0x0000000e17100000)]
  0x00000190d632e250 JavaThread "pool-533-thread-11" [_thread_blocked, id=19616, stack(0x0000000e17a00000,0x0000000e17b00000)]
  0x00000190d63325b0 JavaThread "pool-533-thread-12" [_thread_blocked, id=21152, stack(0x0000000e17f00000,0x0000000e18000000)]
  0x00000190d4aea040 JavaThread "pool-533-thread-13" [_thread_blocked, id=11060, stack(0x0000000e18700000,0x0000000e18800000)]
  0x00000190d4aee870 JavaThread "pool-533-thread-14" [_thread_blocked, id=21036, stack(0x0000000e18d00000,0x0000000e18e00000)]
  0x00000190d686b6c0 JavaThread "pool-533-thread-15" [_thread_blocked, id=21348, stack(0x0000000e16d00000,0x0000000e16e00000)]
  0x00000190d4289a50 JavaThread "pool-533-thread-16" [_thread_blocked, id=9948, stack(0x0000000e17400000,0x0000000e17500000)]
  0x00000190d4286a30 JavaThread "pool-533-thread-17" [_thread_blocked, id=14732, stack(0x0000000e19e00000,0x0000000e19f00000)]
  0x00000190d686bb90 JavaThread "pool-533-thread-18" [_thread_blocked, id=4992, stack(0x0000000e18400000,0x0000000e18500000)]
  0x00000190d686c060 JavaThread "pool-533-thread-19" [_thread_blocked, id=21000, stack(0x0000000e16800000,0x0000000e16900000)]
  0x00000190d4289f20 JavaThread "pool-533-thread-20" [_thread_blocked, id=10064, stack(0x0000000e1b800000,0x0000000e1b900000)]
  0x00000190d68686a0 JavaThread "pool-533-thread-21" [_thread_blocked, id=1372, stack(0x0000000e16100000,0x0000000e16200000)]
  0x00000190d686f080 JavaThread "pool-533-thread-22" [_thread_blocked, id=19872, stack(0x0000000e16600000,0x0000000e16700000)]
  0x00000190d686f550 JavaThread "pool-533-thread-23" [_thread_blocked, id=5352, stack(0x0000000e16900000,0x0000000e16a00000)]
  0x00000190d4aeb380 JavaThread "pool-533-thread-24" [_thread_blocked, id=19676, stack(0x0000000e17800000,0x0000000e17900000)]
  0x00000190d6331c10 JavaThread "pool-533-thread-25" [_thread_blocked, id=8052, stack(0x0000000e19b00000,0x0000000e19c00000)]
  0x00000190d63338f0 JavaThread "pool-533-thread-26" [_thread_blocked, id=17276, stack(0x0000000e1af00000,0x0000000e1b000000)]
  0x00000190d686a380 JavaThread "pool-533-thread-27" [_thread_blocked, id=20472, stack(0x0000000e15900000,0x0000000e15a00000)]
  0x00000190d4ae9b70 JavaThread "pool-533-thread-28" [_thread_blocked, id=21180, stack(0x0000000e14c00000,0x0000000e14d00000)]
  0x00000190d632ff30 JavaThread "pool-533-thread-29" [_thread_blocked, id=20356, stack(0x0000000e15a00000,0x0000000e15b00000)]
  0x00000190d4285bc0 JavaThread "pool-533-thread-30" [_thread_blocked, id=19756, stack(0x0000000e17b00000,0x0000000e17c00000)]
  0x00000190d6b62ed0 JavaThread "pool-597-thread-2" [_thread_blocked, id=12452, stack(0x0000000e18000000,0x0000000e18100000)]
  0x00000190d4ae7e90 JavaThread "pool-606-thread-1" [_thread_blocked, id=18808, stack(0x0000000e17500000,0x0000000e17600000)]
  0x00000190d632e720 JavaThread "pool-595-thread-1" [_thread_blocked, id=21224, stack(0x0000000e1d900000,0x0000000e1da00000)]
  0x00000190d4ae79c0 JavaThread "pool-595-thread-2" [_thread_blocked, id=16152, stack(0x0000000e19900000,0x0000000e19a00000)]
  0x00000190d53669b0 JavaThread "pool-595-thread-3" [_thread_blocked, id=20764, stack(0x0000000e18800000,0x0000000e18900000)]
  0x00000190d5368690 JavaThread "pool-595-thread-4" [_thread_blocked, id=7612, stack(0x0000000e19200000,0x0000000e19300000)]
  0x00000190d4287d70 JavaThread "pool-606-thread-2" [_thread_blocked, id=3852, stack(0x0000000e15700000,0x0000000e15800000)]
  0x00000190d42843b0 JavaThread "pool-595-thread-5" [_thread_blocked, id=20784, stack(0x0000000e14b00000,0x0000000e14c00000)]
  0x00000190d4288240 JavaThread "pool-595-thread-6" [_thread_blocked, id=18924, stack(0x0000000e16500000,0x0000000e16600000)]
  0x00000190d4284880 JavaThread "pool-606-thread-3" [_thread_blocked, id=21016, stack(0x0000000e13900000,0x0000000e13a00000)]
  0x00000190d6b65550 JavaThread "pool-606-thread-4" [_thread_blocked, id=12704, stack(0x0000000e18a00000,0x0000000e18b00000)]
  0x00000190d6b63d40 JavaThread "pool-597-thread-6" [_thread_blocked, id=21464, stack(0x0000000e15600000,0x0000000e15700000)]
  0x00000190d6b67bd0 JavaThread "pool-595-thread-7" [_thread_blocked, id=2256, stack(0x0000000e15800000,0x0000000e15900000)]
  0x00000190d6b680a0 JavaThread "pool-606-thread-5" [_thread_blocked, id=21084, stack(0x0000000e15d00000,0x0000000e15e00000)]
  0x00000190d6b64210 JavaThread "pool-606-thread-6" [_thread_blocked, id=20968, stack(0x0000000e15e00000,0x0000000e15f00000)]

Other Threads:
  0x00000190d28d9320 VMThread "VM Thread" [stack: 0x0000000e12900000,0x0000000e12a00000] [id=19852]
  0x00000190d352cab0 WatcherThread [stack: 0x0000000e13500000,0x0000000e13600000] [id=19768]
  0x00000190aede36a0 GCTaskThread "GC Thread#0" [stack: 0x0000000e12400000,0x0000000e12500000] [id=19824]
  0x00000190d57fe400 GCTaskThread "GC Thread#1" [stack: 0x0000000e13c00000,0x0000000e13d00000] [id=10424]
  0x00000190d58108d0 GCTaskThread "GC Thread#2" [stack: 0x0000000e13d00000,0x0000000e13e00000] [id=17708]
  0x00000190d66e0020 GCTaskThread "GC Thread#3" [stack: 0x0000000e13e00000,0x0000000e13f00000] [id=1368]
  0x00000190d3c786b0 GCTaskThread "GC Thread#4" [stack: 0x0000000e13f00000,0x0000000e14000000] [id=14500]
  0x00000190d3dded40 GCTaskThread "GC Thread#5" [stack: 0x0000000e14000000,0x0000000e14100000] [id=9348]
  0x00000190d46f2d00 GCTaskThread "GC Thread#6" [stack: 0x0000000e16f00000,0x0000000e17000000] [id=16868]
  0x00000190d4fcd670 GCTaskThread "GC Thread#7" [stack: 0x0000000e1a800000,0x0000000e1a900000] [id=21308]
  0x00000190d53a7960 GCTaskThread "GC Thread#8" [stack: 0x0000000e1a900000,0x0000000e1aa00000] [id=20352]
  0x00000190d42927b0 GCTaskThread "GC Thread#9" [stack: 0x0000000e1aa00000,0x0000000e1ab00000] [id=19576]
  0x00000190d4c1c820 GCTaskThread "GC Thread#10" [stack: 0x0000000e1ab00000,0x0000000e1ac00000] [id=20544]
  0x00000190d5f63e90 GCTaskThread "GC Thread#11" [stack: 0x0000000e1ac00000,0x0000000e1ad00000] [id=14640]
  0x00000190d5f64960 GCTaskThread "GC Thread#12" [stack: 0x0000000e1ad00000,0x0000000e1ae00000] [id=20752]
  0x00000190aedf44b0 ConcurrentGCThread "G1 Main Marker" [stack: 0x0000000e12500000,0x0000000e12600000] [id=19828]
  0x00000190aedf6670 ConcurrentGCThread "G1 Conc#0" [stack: 0x0000000e12600000,0x0000000e12700000] [id=19840]
  0x00000190aee5e790 ConcurrentGCThread "G1 Refine#0" [stack: 0x0000000e12700000,0x0000000e12800000] [id=19848]
  0x00000190d2795750 ConcurrentGCThread "G1 Service" [stack: 0x0000000e12800000,0x0000000e12900000] [id=19844]

=>0x00000190d5367350 (exited) JavaThread "pool-597-thread-3" [_thread_in_vm, id=19232, stack(0x0000000e18900000,0x0000000e18a00000)]

Threads with active compile tasks:

VM state: not at safepoint (normal execution)

VM Mutex/Monitor currently owned by a thread:  ([mutex/lock_event])
[0x00000190aed93200] Threads_lock - owner thread: 0x00000190d5367350

Heap address: 0x0000000701200000, size: 4078 MB, Compressed Oops mode: Zero based, Oop shift amount: 3

CDS archive(s) mapped at: [0x0000000800000000-0x0000000800bc0000-0x0000000800bc0000), size 12320768, SharedBaseAddress: 0x0000000800000000, ArchiveRelocationMode: 0.
Compressed class space mapped at: 0x0000000800c00000-0x0000000840c00000, reserved size: 1073741824
Narrow klass base: 0x0000000800000000, Narrow klass shift: 0, Narrow klass range: 0x100000000

GC Precious Log:
 CPUs: 16 total, 16 available
 Memory: 16309M
 Large Page Support: Disabled
 NUMA Support: Disabled
 Compressed Oops: Enabled (Zero based)
 Heap Region Size: 2M
 Heap Min Capacity: 8M
 Heap Initial Capacity: 256M
 Heap Max Capacity: 4078M
 Pre-touch: Disabled
 Parallel Workers: 13
 Concurrent Workers: 3
 Concurrent Refinement Workers: 13
 Periodic GC: Disabled

Heap:
 garbage-first heap   total 262144K, used 39623K [0x0000000701200000, 0x0000000800000000)
  region size 2048K, 21 young (43008K), 2 survivors (4096K)
 Metaspace       used 4073K, committed 4224K, reserved 1056768K
  class space    used 406K, committed 512K, reserved 1048576K

Heap Regions: E=young(eden), S=young(survivor), O=old, HS=humongous(starts), HC=humongous(continues), CS=collection set, F=free, OA=open archive, CA=closed archive, TAMS=top-at-mark-start (previous, next)
|   0|0x0000000701200000, 0x0000000701200000, 0x0000000701400000|  0%| F|  |TAMS 0x0000000701200000, 0x0000000701200000| Untracked 
|   1|0x0000000701400000, 0x0000000701400000, 0x0000000701600000|  0%| F|  |TAMS 0x0000000701400000, 0x0000000701400000| Untracked 
|   2|0x0000000701600000, 0x0000000701600000, 0x0000000701800000|  0%| F|  |TAMS 0x0000000701600000, 0x0000000701600000| Untracked 
|   3|0x0000000701800000, 0x0000000701800000, 0x0000000701a00000|  0%| F|  |TAMS 0x0000000701800000, 0x0000000701800000| Untracked 
|   4|0x0000000701a00000, 0x0000000701a00000, 0x0000000701c00000|  0%| F|  |TAMS 0x0000000701a00000, 0x0000000701a00000| Untracked 
|   5|0x0000000701c00000, 0x0000000701c00000, 0x0000000701e00000|  0%| F|  |TAMS 0x0000000701c00000, 0x0000000701c00000| Untracked 
|   6|0x0000000701e00000, 0x0000000701e00000, 0x0000000702000000|  0%| F|  |TAMS 0x0000000701e00000, 0x0000000701e00000| Untracked 
|   7|0x0000000702000000, 0x0000000702000000, 0x0000000702200000|  0%| F|  |TAMS 0x0000000702000000, 0x0000000702000000| Untracked 
|   8|0x0000000702200000, 0x0000000702200000, 0x0000000702400000|  0%| F|  |TAMS 0x0000000702200000, 0x0000000702200000| Untracked 
|   9|0x0000000702400000, 0x0000000702400000, 0x0000000702600000|  0%| F|  |TAMS 0x0000000702400000, 0x0000000702400000| Untracked 
|  10|0x0000000702600000, 0x0000000702600000, 0x0000000702800000|  0%| F|  |TAMS 0x0000000702600000, 0x0000000702600000| Untracked 
|  11|0x0000000702800000, 0x0000000702800000, 0x0000000702a00000|  0%| F|  |TAMS 0x0000000702800000, 0x0000000702800000| Untracked 
|  12|0x0000000702a00000, 0x0000000702a00000, 0x0000000702c00000|  0%| F|  |TAMS 0x0000000702a00000, 0x0000000702a00000| Untracked 
|  13|0x0000000702c00000, 0x0000000702c00000, 0x0000000702e00000|  0%| F|  |TAMS 0x0000000702c00000, 0x0000000702c00000| Untracked 
|  14|0x0000000702e00000, 0x0000000702e00000, 0x0000000703000000|  0%| F|  |TAMS 0x0000000702e00000, 0x0000000702e00000| Untracked 
|  15|0x0000000703000000, 0x0000000703000000, 0x0000000703200000|  0%| F|  |TAMS 0x0000000703000000, 0x0000000703000000| Untracked 
|  16|0x0000000703200000, 0x0000000703200000, 0x0000000703400000|  0%| F|  |TAMS 0x0000000703200000, 0x0000000703200000| Untracked 
|  17|0x0000000703400000, 0x0000000703400000, 0x0000000703600000|  0%| F|  |TAMS 0x0000000703400000, 0x0000000703400000| Untracked 
|  18|0x0000000703600000, 0x0000000703600000, 0x0000000703800000|  0%| F|  |TAMS 0x0000000703600000, 0x0000000703600000| Untracked 
|  19|0x0000000703800000, 0x0000000703800000, 0x0000000703a00000|  0%| F|  |TAMS 0x0000000703800000, 0x0000000703800000| Untracked 
|  20|0x0000000703a00000, 0x0000000703a00000, 0x0000000703c00000|  0%| F|  |TAMS 0x0000000703a00000, 0x0000000703a00000| Untracked 
|  21|0x0000000703c00000, 0x0000000703c00000, 0x0000000703e00000|  0%| F|  |TAMS 0x0000000703c00000, 0x0000000703c00000| Untracked 
|  22|0x0000000703e00000, 0x0000000703e00000, 0x0000000704000000|  0%| F|  |TAMS 0x0000000703e00000, 0x0000000703e00000| Untracked 
|  23|0x0000000704000000, 0x0000000704000000, 0x0000000704200000|  0%| F|  |TAMS 0x0000000704000000, 0x0000000704000000| Untracked 
|  24|0x0000000704200000, 0x0000000704200000, 0x0000000704400000|  0%| F|  |TAMS 0x0000000704200000, 0x0000000704200000| Untracked 
|  25|0x0000000704400000, 0x0000000704400000, 0x0000000704600000|  0%| F|  |TAMS 0x0000000704400000, 0x0000000704400000| Untracked 
|  26|0x0000000704600000, 0x0000000704600000, 0x0000000704800000|  0%| F|  |TAMS 0x0000000704600000, 0x0000000704600000| Untracked 
|  27|0x0000000704800000, 0x0000000704800000, 0x0000000704a00000|  0%| F|  |TAMS 0x0000000704800000, 0x0000000704800000| Untracked 
|  28|0x0000000704a00000, 0x0000000704a00000, 0x0000000704c00000|  0%| F|  |TAMS 0x0000000704a00000, 0x0000000704a00000| Untracked 
|  29|0x0000000704c00000, 0x0000000704c00000, 0x0000000704e00000|  0%| F|  |TAMS 0x0000000704c00000, 0x0000000704c00000| Untracked 
|  30|0x0000000704e00000, 0x0000000704e00000, 0x0000000705000000|  0%| F|  |TAMS 0x0000000704e00000, 0x0000000704e00000| Untracked 
|  31|0x0000000705000000, 0x0000000705000000, 0x0000000705200000|  0%| F|  |TAMS 0x0000000705000000, 0x0000000705000000| Untracked 
|  32|0x0000000705200000, 0x0000000705200000, 0x0000000705400000|  0%| F|  |TAMS 0x0000000705200000, 0x0000000705200000| Untracked 
|  33|0x0000000705400000, 0x0000000705400000, 0x0000000705600000|  0%| F|  |TAMS 0x0000000705400000, 0x0000000705400000| Untracked 
|  34|0x0000000705600000, 0x0000000705600000, 0x0000000705800000|  0%| F|  |TAMS 0x0000000705600000, 0x0000000705600000| Untracked 
|  35|0x0000000705800000, 0x0000000705800000, 0x0000000705a00000|  0%| F|  |TAMS 0x0000000705800000, 0x0000000705800000| Untracked 
|  36|0x0000000705a00000, 0x0000000705a00000, 0x0000000705c00000|  0%| F|  |TAMS 0x0000000705a00000, 0x0000000705a00000| Untracked 
|  37|0x0000000705c00000, 0x0000000705c00000, 0x0000000705e00000|  0%| F|  |TAMS 0x0000000705c00000, 0x0000000705c00000| Untracked 
|  38|0x0000000705e00000, 0x0000000705e00000, 0x0000000706000000|  0%| F|  |TAMS 0x0000000705e00000, 0x0000000705e00000| Untracked 
|  39|0x0000000706000000, 0x0000000706000000, 0x0000000706200000|  0%| F|  |TAMS 0x0000000706000000, 0x0000000706000000| Untracked 
|  40|0x0000000706200000, 0x0000000706200000, 0x0000000706400000|  0%| F|  |TAMS 0x0000000706200000, 0x0000000706200000| Untracked 
|  41|0x0000000706400000, 0x0000000706400000, 0x0000000706600000|  0%| F|  |TAMS 0x0000000706400000, 0x0000000706400000| Untracked 
|  42|0x0000000706600000, 0x0000000706600000, 0x0000000706800000|  0%| F|  |TAMS 0x0000000706600000, 0x0000000706600000| Untracked 
|  43|0x0000000706800000, 0x0000000706800000, 0x0000000706a00000|  0%| F|  |TAMS 0x0000000706800000, 0x0000000706800000| Untracked 
|  44|0x0000000706a00000, 0x0000000706a00000, 0x0000000706c00000|  0%| F|  |TAMS 0x0000000706a00000, 0x0000000706a00000| Untracked 
|  45|0x0000000706c00000, 0x0000000706c00000, 0x0000000706e00000|  0%| F|  |TAMS 0x0000000706c00000, 0x0000000706c00000| Untracked 
|  46|0x0000000706e00000, 0x0000000706e00000, 0x0000000707000000|  0%| F|  |TAMS 0x0000000706e00000, 0x0000000706e00000| Untracked 
|  47|0x0000000707000000, 0x0000000707000000, 0x0000000707200000|  0%| F|  |TAMS 0x0000000707000000, 0x0000000707000000| Untracked 
|  48|0x0000000707200000, 0x0000000707200000, 0x0000000707400000|  0%| F|  |TAMS 0x0000000707200000, 0x0000000707200000| Untracked 
|  49|0x0000000707400000, 0x0000000707400000, 0x0000000707600000|  0%| F|  |TAMS 0x0000000707400000, 0x0000000707400000| Untracked 
|  50|0x0000000707600000, 0x00000007076b1f50, 0x0000000707800000| 34%| S|CS|TAMS 0x0000000707600000, 0x0000000707600000| Complete 
|  51|0x0000000707800000, 0x0000000707a00000, 0x0000000707a00000|100%| S|CS|TAMS 0x0000000707800000, 0x0000000707800000| Complete 
|  52|0x0000000707a00000, 0x0000000707a00000, 0x0000000707c00000|  0%| F|  |TAMS 0x0000000707a00000, 0x0000000707a00000| Untracked 
|  53|0x0000000707c00000, 0x0000000707c00000, 0x0000000707e00000|  0%| F|  |TAMS 0x0000000707c00000, 0x0000000707c00000| Untracked 
|  54|0x0000000707e00000, 0x0000000707e00000, 0x0000000708000000|  0%| F|  |TAMS 0x0000000707e00000, 0x0000000707e00000| Untracked 
|  55|0x0000000708000000, 0x0000000708000000, 0x0000000708200000|  0%| F|  |TAMS 0x0000000708000000, 0x0000000708000000| Untracked 
|  56|0x0000000708200000, 0x0000000708200000, 0x0000000708400000|  0%| F|  |TAMS 0x0000000708200000, 0x0000000708200000| Untracked 
|  57|0x0000000708400000, 0x0000000708400000, 0x0000000708600000|  0%| F|  |TAMS 0x0000000708400000, 0x0000000708400000| Untracked 
|  58|0x0000000708600000, 0x0000000708600000, 0x0000000708800000|  0%| F|  |TAMS 0x0000000708600000, 0x0000000708600000| Untracked 
|  59|0x0000000708800000, 0x0000000708800000, 0x0000000708a00000|  0%| F|  |TAMS 0x0000000708800000, 0x0000000708800000| Untracked 
|  60|0x0000000708a00000, 0x0000000708a00000, 0x0000000708c00000|  0%| F|  |TAMS 0x0000000708a00000, 0x0000000708a00000| Untracked 
|  61|0x0000000708c00000, 0x0000000708c00000, 0x0000000708e00000|  0%| F|  |TAMS 0x0000000708c00000, 0x0000000708c00000| Untracked 
|  62|0x0000000708e00000, 0x0000000708e00000, 0x0000000709000000|  0%| F|  |TAMS 0x0000000708e00000, 0x0000000708e00000| Untracked 
|  63|0x0000000709000000, 0x0000000709000000, 0x0000000709200000|  0%| F|  |TAMS 0x0000000709000000, 0x0000000709000000| Untracked 
|  64|0x0000000709200000, 0x0000000709200000, 0x0000000709400000|  0%| F|  |TAMS 0x0000000709200000, 0x0000000709200000| Untracked 
|  65|0x0000000709400000, 0x0000000709400000, 0x0000000709600000|  0%| F|  |TAMS 0x0000000709400000, 0x0000000709400000| Untracked 
|  66|0x0000000709600000, 0x0000000709600000, 0x0000000709800000|  0%| F|  |TAMS 0x0000000709600000, 0x0000000709600000| Untracked 
|  67|0x0000000709800000, 0x0000000709800000, 0x0000000709a00000|  0%| F|  |TAMS 0x0000000709800000, 0x0000000709800000| Untracked 
|  68|0x0000000709a00000, 0x0000000709a00000, 0x0000000709c00000|  0%| F|  |TAMS 0x0000000709a00000, 0x0000000709a00000| Untracked 
|  69|0x0000000709c00000, 0x0000000709c00000, 0x0000000709e00000|  0%| F|  |TAMS 0x0000000709c00000, 0x0000000709c00000| Untracked 
|  70|0x0000000709e00000, 0x0000000709e00000, 0x000000070a000000|  0%| F|  |TAMS 0x0000000709e00000, 0x0000000709e00000| Untracked 
|  71|0x000000070a000000, 0x000000070a000000, 0x000000070a200000|  0%| F|  |TAMS 0x000000070a000000, 0x000000070a000000| Untracked 
|  72|0x000000070a200000, 0x000000070a200000, 0x000000070a400000|  0%| F|  |TAMS 0x000000070a200000, 0x000000070a200000| Untracked 
|  73|0x000000070a400000, 0x000000070a400000, 0x000000070a600000|  0%| F|  |TAMS 0x000000070a400000, 0x000000070a400000| Untracked 
|  74|0x000000070a600000, 0x000000070a600000, 0x000000070a800000|  0%| F|  |TAMS 0x000000070a600000, 0x000000070a600000| Untracked 
|  75|0x000000070a800000, 0x000000070a800000, 0x000000070aa00000|  0%| F|  |TAMS 0x000000070a800000, 0x000000070a800000| Untracked 
|  76|0x000000070aa00000, 0x000000070aa00000, 0x000000070ac00000|  0%| F|  |TAMS 0x000000070aa00000, 0x000000070aa00000| Untracked 
|  77|0x000000070ac00000, 0x000000070ac00000, 0x000000070ae00000|  0%| F|  |TAMS 0x000000070ac00000, 0x000000070ac00000| Untracked 
|  78|0x000000070ae00000, 0x000000070ae00000, 0x000000070b000000|  0%| F|  |TAMS 0x000000070ae00000, 0x000000070ae00000| Untracked 
|  79|0x000000070b000000, 0x000000070b000000, 0x000000070b200000|  0%| F|  |TAMS 0x000000070b000000, 0x000000070b000000| Untracked 
|  80|0x000000070b200000, 0x000000070b200000, 0x000000070b400000|  0%| F|  |TAMS 0x000000070b200000, 0x000000070b200000| Untracked 
|  81|0x000000070b400000, 0x000000070b400000, 0x000000070b600000|  0%| F|  |TAMS 0x000000070b400000, 0x000000070b400000| Untracked 
|  82|0x000000070b600000, 0x000000070b600000, 0x000000070b800000|  0%| F|  |TAMS 0x000000070b600000, 0x000000070b600000| Untracked 
|  83|0x000000070b800000, 0x000000070b800000, 0x000000070ba00000|  0%| F|  |TAMS 0x000000070b800000, 0x000000070b800000| Untracked 
|  84|0x000000070ba00000, 0x000000070ba00000, 0x000000070bc00000|  0%| F|  |TAMS 0x000000070ba00000, 0x000000070ba00000| Untracked 
|  85|0x000000070bc00000, 0x000000070bc00000, 0x000000070be00000|  0%| F|  |TAMS 0x000000070bc00000, 0x000000070bc00000| Untracked 
|  86|0x000000070be00000, 0x000000070be00000, 0x000000070c000000|  0%| F|  |TAMS 0x000000070be00000, 0x000000070be00000| Untracked 
|  87|0x000000070c000000, 0x000000070c000000, 0x000000070c200000|  0%| F|  |TAMS 0x000000070c000000, 0x000000070c000000| Untracked 
|  88|0x000000070c200000, 0x000000070c200000, 0x000000070c400000|  0%| F|  |TAMS 0x000000070c200000, 0x000000070c200000| Untracked 
|  89|0x000000070c400000, 0x000000070c400000, 0x000000070c600000|  0%| F|  |TAMS 0x000000070c400000, 0x000000070c400000| Untracked 
|  90|0x000000070c600000, 0x000000070c600000, 0x000000070c800000|  0%| F|  |TAMS 0x000000070c600000, 0x000000070c600000| Untracked 
|  91|0x000000070c800000, 0x000000070c800000, 0x000000070ca00000|  0%| F|  |TAMS 0x000000070c800000, 0x000000070c800000| Untracked 
|  92|0x000000070ca00000, 0x000000070ca00000, 0x000000070cc00000|  0%| F|  |TAMS 0x000000070ca00000, 0x000000070ca00000| Untracked 
|  93|0x000000070cc00000, 0x000000070cc00000, 0x000000070ce00000|  0%| F|  |TAMS 0x000000070cc00000, 0x000000070cc00000| Untracked 
|  94|0x000000070ce00000, 0x000000070ce00000, 0x000000070d000000|  0%| F|  |TAMS 0x000000070ce00000, 0x000000070ce00000| Untracked 
|  95|0x000000070d000000, 0x000000070d000000, 0x000000070d200000|  0%| F|  |TAMS 0x000000070d000000, 0x000000070d000000| Untracked 
|  96|0x000000070d200000, 0x000000070d200000, 0x000000070d400000|  0%| F|  |TAMS 0x000000070d200000, 0x000000070d200000| Untracked 
|  97|0x000000070d400000, 0x000000070d400000, 0x000000070d600000|  0%| F|  |TAMS 0x000000070d400000, 0x000000070d400000| Untracked 
|  98|0x000000070d600000, 0x000000070d600000, 0x000000070d800000|  0%| F|  |TAMS 0x000000070d600000, 0x000000070d600000| Untracked 
|  99|0x000000070d800000, 0x000000070d800000, 0x000000070da00000|  0%| F|  |TAMS 0x000000070d800000, 0x000000070d800000| Untracked 
| 100|0x000000070da00000, 0x000000070da00000, 0x000000070dc00000|  0%| F|  |TAMS 0x000000070da00000, 0x000000070da00000| Untracked 
| 101|0x000000070dc00000, 0x000000070dc00000, 0x000000070de00000|  0%| F|  |TAMS 0x000000070dc00000, 0x000000070dc00000| Untracked 
| 102|0x000000070de00000, 0x000000070de00000, 0x000000070e000000|  0%| F|  |TAMS 0x000000070de00000, 0x000000070de00000| Untracked 
| 103|0x000000070e000000, 0x000000070e000000, 0x000000070e200000|  0%| F|  |TAMS 0x000000070e000000, 0x000000070e000000| Untracked 
| 104|0x000000070e200000, 0x000000070e200000, 0x000000070e400000|  0%| F|  |TAMS 0x000000070e200000, 0x000000070e200000| Untracked 
| 105|0x000000070e400000, 0x000000070e400000, 0x000000070e600000|  0%| F|  |TAMS 0x000000070e400000, 0x000000070e400000| Untracked 
| 106|0x000000070e600000, 0x000000070e600000, 0x000000070e800000|  0%| F|  |TAMS 0x000000070e600000, 0x000000070e600000| Untracked 
| 107|0x000000070e800000, 0x000000070e800000, 0x000000070ea00000|  0%| F|  |TAMS 0x000000070e800000, 0x000000070e800000| Untracked 
| 108|0x000000070ea00000, 0x000000070ea00000, 0x000000070ec00000|  0%| F|  |TAMS 0x000000070ea00000, 0x000000070ea00000| Untracked 
| 109|0x000000070ec00000, 0x000000070ec9dd90, 0x000000070ee00000| 30%| E|  |TAMS 0x000000070ec00000, 0x000000070ec00000| Complete 
| 110|0x000000070ee00000, 0x000000070f000000, 0x000000070f000000|100%| E|CS|TAMS 0x000000070ee00000, 0x000000070ee00000| Complete 
| 111|0x000000070f000000, 0x000000070f200000, 0x000000070f200000|100%| E|CS|TAMS 0x000000070f000000, 0x000000070f000000| Complete 
| 112|0x000000070f200000, 0x000000070f400000, 0x000000070f400000|100%| E|CS|TAMS 0x000000070f200000, 0x000000070f200000| Complete 
| 113|0x000000070f400000, 0x000000070f600000, 0x000000070f600000|100%| E|CS|TAMS 0x000000070f400000, 0x000000070f400000| Complete 
| 114|0x000000070f600000, 0x000000070f800000, 0x000000070f800000|100%| E|CS|TAMS 0x000000070f600000, 0x000000070f600000| Complete 
| 115|0x000000070f800000, 0x000000070fa00000, 0x000000070fa00000|100%| E|CS|TAMS 0x000000070f800000, 0x000000070f800000| Complete 
| 116|0x000000070fa00000, 0x000000070fc00000, 0x000000070fc00000|100%| E|CS|TAMS 0x000000070fa00000, 0x000000070fa00000| Complete 
| 117|0x000000070fc00000, 0x000000070fe00000, 0x000000070fe00000|100%| E|CS|TAMS 0x000000070fc00000, 0x000000070fc00000| Complete 
| 118|0x000000070fe00000, 0x0000000710000000, 0x0000000710000000|100%| E|CS|TAMS 0x000000070fe00000, 0x000000070fe00000| Complete 
| 119|0x0000000710000000, 0x0000000710200000, 0x0000000710200000|100%| E|CS|TAMS 0x0000000710000000, 0x0000000710000000| Complete 
| 120|0x0000000710200000, 0x0000000710400000, 0x0000000710400000|100%| E|CS|TAMS 0x0000000710200000, 0x0000000710200000| Complete 
| 121|0x0000000710400000, 0x0000000710600000, 0x0000000710600000|100%| E|CS|TAMS 0x0000000710400000, 0x0000000710400000| Complete 
| 122|0x0000000710600000, 0x0000000710800000, 0x0000000710800000|100%| E|CS|TAMS 0x0000000710600000, 0x0000000710600000| Complete 
| 123|0x0000000710800000, 0x0000000710a00000, 0x0000000710a00000|100%| E|CS|TAMS 0x0000000710800000, 0x0000000710800000| Complete 
| 124|0x0000000710a00000, 0x0000000710c00000, 0x0000000710c00000|100%| E|CS|TAMS 0x0000000710a00000, 0x0000000710a00000| Complete 
| 125|0x0000000710c00000, 0x0000000710e00000, 0x0000000710e00000|100%| E|CS|TAMS 0x0000000710c00000, 0x0000000710c00000| Complete 
| 126|0x0000000710e00000, 0x0000000711000000, 0x0000000711000000|100%| E|CS|TAMS 0x0000000710e00000, 0x0000000710e00000| Complete 
| 127|0x0000000711000000, 0x0000000711200000, 0x0000000711200000|100%| E|CS|TAMS 0x0000000711000000, 0x0000000711000000| Complete 

Card table byte_map: [0x00000190c68e0000,0x00000190c70e0000] _byte_map_base: 0x00000190c30d7000

Marking Bits (Prev, Next): (CMBitMap*) 0x00000190aede3cb0, (CMBitMap*) 0x00000190aede3cf0
 Prev Bits: [0x00000190c78e0000, 0x00000190cb898000)
 Next Bits: [0x00000190cb8a0000, 0x00000190cf858000)

Polling page: 0x00000190ae560000

Metaspace:

Usage:
  Non-class:      3.58 MB used.
      Class:    406.12 KB used.
       Both:      3.98 MB used.

Virtual space:
  Non-class space:        8.00 MB reserved,       3.62 MB ( 45%) committed,  1 nodes.
      Class space:        1.00 GB reserved,     512.00 KB ( <1%) committed,  1 nodes.
             Both:        1.01 GB reserved,       4.12 MB ( <1%) committed. 

Chunk freelists:
   Non-Class:  2.63 MB
       Class:  3.55 MB
        Both:  6.18 MB

MaxMetaspaceSize: unlimited
CompressedClassSpaceSize: 1.00 GB
Initial GC threshold: 21.00 MB
Current GC threshold: 21.00 MB
CDS: on
MetaspaceReclaimPolicy: balanced
 - commit_granule_bytes: 65536.
 - commit_granule_words: 8192.
 - virtual_space_node_default_size: 1048576.
 - enlarge_chunks_in_place: 1.
 - new_chunks_are_fully_committed: 0.
 - uncommit_free_chunks: 1.
 - use_allocation_guard: 0.
 - handle_deallocations: 1.


Internal statistics:

num_allocs_failed_limit: 0.
num_arena_births: 68.
num_arena_deaths: 0.
num_vsnodes_births: 2.
num_vsnodes_deaths: 0.
num_space_committed: 66.
num_space_uncommitted: 0.
num_chunks_returned_to_freelist: 0.
num_chunks_taken_from_freelist: 137.
num_chunk_merges: 0.
num_chunk_splits: 101.
num_chunks_enlarged: 75.
num_purges: 0.
num_inconsistent_stats: 0.

CodeHeap 'non-profiled nmethods': size=119168Kb used=939Kb max_used=939Kb free=118228Kb
 bounds [0x00000190be400000, 0x00000190be670000, 0x00000190c5860000]
CodeHeap 'profiled nmethods': size=119104Kb used=2516Kb max_used=2516Kb free=116587Kb
 bounds [0x00000190b6fb0000, 0x00000190b7230000, 0x00000190be400000]
CodeHeap 'non-nmethods': size=7488Kb used=2861Kb max_used=2910Kb free=4626Kb
 bounds [0x00000190b6860000, 0x00000190b6b50000, 0x00000190b6fb0000]
 total_blobs=1863 nmethods=1391 adapters=382
 compilation: enabled
              stopped_count=0, restarted_count=0
 full_count=0

Compilation events (20 events):
Event: 1.424 Thread 0x00000190d28fe240 nmethod 1385 0x00000190be4e5c90 code [0x00000190be4e5e00, 0x00000190be4e5f98]
Event: 1.425 Thread 0x00000190d28fe240 1386   !   4       java.lang.Thread::interrupt (66 bytes)
Event: 1.426 Thread 0x00000190d2907ac0 nmethod 1381 0x00000190be4e6010 code [0x00000190be4e61e0, 0x00000190be4e7048]
Event: 1.427 Thread 0x00000190d28fe240 nmethod 1386 0x00000190be4e7690 code [0x00000190be4e7820, 0x00000190be4e7a88]
Event: 1.438 Thread 0x00000190d29089f0 1387   !   4       java.util.concurrent.locks.AbstractQueuedSynchronizer::acquire (407 bytes)
Event: 1.445 Thread 0x00000190d28fe240 1388       4       java.util.HashMap$KeyIterator::next (8 bytes)
Event: 1.451 Thread 0x00000190d28fe240 nmethod 1388 0x00000190be4e7c10 code [0x00000190be4e7da0, 0x00000190be4e8198]
Event: 1.461 Thread 0x00000190d29089f0 nmethod 1387 0x00000190be4e8310 code [0x00000190be4e84e0, 0x00000190be4e9508]
Event: 1.471 Thread 0x00000190d2907fd0 1390       3       me.velikoss.Main$3::doAction (22 bytes)
Event: 1.471 Thread 0x00000190d290a850 1389       3       me.velikoss.Main$3::doAction (9 bytes)
Event: 1.471 Thread 0x00000190d290a850 nmethod 1389 0x00000190b7224410 code [0x00000190b72245c0, 0x00000190b7224808]
Event: 1.471 Thread 0x00000190d2907fd0 nmethod 1390 0x00000190b7224910 code [0x00000190b7224ae0, 0x00000190b7224e88]
Event: 1.484 Thread 0x00000190d29089f0 1391       4       java.security.AccessControlContext::combine (205 bytes)
Event: 1.489 Thread 0x00000190d29089f0 nmethod 1391 0x00000190be4e9b10 code [0x00000190be4e9ca0, 0x00000190be4ea158]
Event: 1.490 Thread 0x00000190d2909410 1392       3       org.bytedeco.javacpp.Pointer::access$000 (4 bytes)
Event: 1.490 Thread 0x00000190d2909410 nmethod 1392 0x00000190b7225090 code [0x00000190b7225220, 0x00000190b7225318]
Event: 1.503 Thread 0x00000190d29089f0 1393       4       java.util.concurrent.SynchronousQueue$TransferStack::clean (114 bytes)
Event: 1.509 Thread 0x00000190d29089f0 nmethod 1393 0x00000190be4ea490 code [0x00000190be4ea600, 0x00000190be4ea9f8]
Event: 1.518 Thread 0x00000190d29075b0 1394       1       java.util.stream.AbstractPipeline::getStreamAndOpFlags (5 bytes)
Event: 1.518 Thread 0x00000190d29075b0 nmethod 1394 0x00000190be4eab10 code [0x00000190be4eaca0, 0x00000190be4ead78]

GC Heap History (8 events):
Event: 0.529 GC heap before
{Heap before GC invocations=0 (full 0):
 garbage-first heap   total 262144K, used 22528K [0x0000000701200000, 0x0000000800000000)
  region size 2048K, 11 young (22528K), 0 survivors (0K)
 Metaspace       used 1960K, committed 2112K, reserved 1056768K
  class space    used 168K, committed 256K, reserved 1048576K
}
Event: 0.532 GC heap after
{Heap after GC invocations=1 (full 0):
 garbage-first heap   total 262144K, used 1922K [0x0000000701200000, 0x0000000800000000)
  region size 2048K, 1 young (2048K), 1 survivors (2048K)
 Metaspace       used 1960K, committed 2112K, reserved 1056768K
  class space    used 168K, committed 256K, reserved 1048576K
}
Event: 1.012 GC heap before
{Heap before GC invocations=1 (full 0):
 garbage-first heap   total 262144K, used 36738K [0x0000000701200000, 0x0000000800000000)
  region size 2048K, 18 young (36864K), 1 survivors (2048K)
 Metaspace       used 3923K, committed 4160K, reserved 1056768K
  class space    used 398K, committed 512K, reserved 1048576K
}
Event: 1.015 GC heap after
{Heap after GC invocations=2 (full 0):
 garbage-first heap   total 262144K, used 2496K [0x0000000701200000, 0x0000000800000000)
  region size 2048K, 2 young (4096K), 2 survivors (4096K)
 Metaspace       used 3923K, committed 4160K, reserved 1056768K
  class space    used 398K, committed 512K, reserved 1048576K
}
Event: 1.190 GC heap before
{Heap before GC invocations=2 (full 0):
 garbage-first heap   total 262144K, used 125376K [0x0000000701200000, 0x0000000800000000)
  region size 2048K, 63 young (129024K), 2 survivors (4096K)
 Metaspace       used 4054K, committed 4224K, reserved 1056768K
  class space    used 406K, committed 512K, reserved 1048576K
}
Event: 1.193 GC heap after
{Heap after GC invocations=3 (full 0):
 garbage-first heap   total 262144K, used 2837K [0x0000000701200000, 0x0000000800000000)
  region size 2048K, 2 young (4096K), 2 survivors (4096K)
 Metaspace       used 4054K, committed 4224K, reserved 1056768K
  class space    used 406K, committed 512K, reserved 1048576K
}
Event: 1.452 GC heap before
{Heap before GC invocations=3 (full 0):
 garbage-first heap   total 262144K, used 152341K [0x0000000701200000, 0x0000000800000000)
  region size 2048K, 76 young (155648K), 2 survivors (4096K)
 Metaspace       used 4071K, committed 4224K, reserved 1056768K
  class space    used 406K, committed 512K, reserved 1048576K
}
Event: 1.454 GC heap after
{Heap after GC invocations=4 (full 0):
 garbage-first heap   total 262144K, used 2759K [0x0000000701200000, 0x0000000800000000)
  region size 2048K, 2 young (4096K), 2 survivors (4096K)
 Metaspace       used 4071K, committed 4224K, reserved 1056768K
  class space    used 406K, committed 512K, reserved 1048576K
}

Deoptimization events (20 events):
Event: 1.162 Thread 0x00000190aed96240 Uncommon trap: trap_request=0xffffff45 fr.pc=0x00000190be441ec8 relative=0x0000000000000048
Event: 1.162 Thread 0x00000190aed96240 Uncommon trap: reason=unstable_if action=reinterpret pc=0x00000190be441ec8 method=java.lang.CharacterData.of(I)Ljava/lang/CharacterData; @ 4 c2
Event: 1.162 Thread 0x00000190aed96240 DEOPT PACKING pc=0x00000190be441ec8 sp=0x0000000e123fe380
Event: 1.162 Thread 0x00000190aed96240 DEOPT UNPACKING pc=0x00000190b68b23a3 sp=0x0000000e123fe320 mode 2
Event: 1.196 Thread 0x00000190d6335da0 Uncommon trap: trap_request=0xffffff45 fr.pc=0x00000190be4d7ae4 relative=0x00000000000000c4
Event: 1.196 Thread 0x00000190d6335da0 Uncommon trap: reason=unstable_if action=reinterpret pc=0x00000190be4d7ae4 method=me.velikoss.Main$2$1.doAction(Ljava/lang/Long;)V @ 22 c2
Event: 1.196 Thread 0x00000190d6335da0 DEOPT PACKING pc=0x00000190be4d7ae4 sp=0x0000000e169ff360
Event: 1.196 Thread 0x00000190d6335da0 DEOPT UNPACKING pc=0x00000190b68b23a3 sp=0x0000000e169ff2d0 mode 2
Event: 1.358 Thread 0x00000190d3c95d80 DEOPT PACKING pc=0x00000190b71fe351 sp=0x0000000e195fef60
Event: 1.358 Thread 0x00000190d3c95d80 DEOPT UNPACKING pc=0x00000190b68b2b43 sp=0x0000000e195fe470 mode 0
Event: 1.369 Thread 0x00000190d686d3a0 DEOPT PACKING pc=0x00000190b71fce74 sp=0x0000000e19bfebd0
Event: 1.369 Thread 0x00000190d686d3a0 DEOPT UNPACKING pc=0x00000190b68b2b43 sp=0x0000000e19bfe0d8 mode 0
Event: 1.369 Thread 0x00000190d3d8a960 DEOPT PACKING pc=0x00000190b71ff800 sp=0x0000000e17dfecf0
Event: 1.369 Thread 0x00000190d3d8a960 DEOPT UNPACKING pc=0x00000190b68b2b43 sp=0x0000000e17dfe1d8 mode 0
Event: 1.389 Thread 0x00000190d4ae8d00 DEOPT PACKING pc=0x00000190b71fe351 sp=0x0000000e188ff2b0
Event: 1.389 Thread 0x00000190d4ae8d00 DEOPT UNPACKING pc=0x00000190b68b2b43 sp=0x0000000e188fe7c0 mode 0
Event: 1.426 Thread 0x00000190d686ced0 Uncommon trap: trap_request=0xffffff5c fr.pc=0x00000190be4e6e34 relative=0x0000000000000c54
Event: 1.426 Thread 0x00000190d686ced0 Uncommon trap: reason=speculate_null_check action=make_not_entrant pc=0x00000190be4e6e34 method=java.util.concurrent.locks.AbstractQueuedSynchronizer.acquire(Ljava/util/concurrent/locks/AbstractQueuedSynchronizer$Node;IZZZJ)I @ 254 c2
Event: 1.426 Thread 0x00000190d686ced0 DEOPT PACKING pc=0x00000190be4e6e34 sp=0x0000000e1c3ff210
Event: 1.426 Thread 0x00000190d686ced0 DEOPT UNPACKING pc=0x00000190b68b23a3 sp=0x0000000e1c3ff1a0 mode 2

Classes unloaded (0 events):
No events

Classes redefined (0 events):
No events

Internal exceptions (12 events):
Event: 0.083 Thread 0x00000190aed96240 Exception <a 'java/lang/NoSuchMethodError'{0x0000000710eaf2c8}: 'int java.lang.invoke.DirectMethodHandle$Holder.invokeStaticInit(java.lang.Object, java.lang.Object, java.lang.Object, java.lang.Object)'> (0x0000000710eaf2c8) 
thrown [d:\a\1\jdk\src\hotspot\share\interpreter\linkResolver.cpp, line 766]
Event: 0.085 Thread 0x00000190aed96240 Exception <a 'java/lang/NoSuchMethodError'{0x0000000710eb9fd8}: 'java.lang.Object java.lang.invoke.DirectMethodHandle$Holder.invokeInterface(java.lang.Object, java.lang.Object)'> (0x0000000710eb9fd8) 
thrown [d:\a\1\jdk\src\hotspot\share\interpreter\linkResolver.cpp, line 766]
Event: 0.086 Thread 0x00000190aed96240 Exception <a 'java/lang/IncompatibleClassChangeError'{0x0000000710ebd6f0}: Found class java.lang.Object, but interface was expected> (0x0000000710ebd6f0) 
thrown [d:\a\1\jdk\src\hotspot\share\interpreter\linkResolver.cpp, line 833]
Event: 0.086 Thread 0x00000190aed96240 Exception <a 'java/lang/NoSuchMethodError'{0x0000000710ec0898}: 'void java.lang.invoke.DirectMethodHandle$Holder.invokeStatic(java.lang.Object, java.lang.Object)'> (0x0000000710ec0898) 
thrown [d:\a\1\jdk\src\hotspot\share\interpreter\linkResolver.cpp, line 766]
Event: 0.087 Thread 0x00000190aed96240 Exception <a 'java/lang/NoSuchMethodError'{0x0000000710ec3f08}: 'void java.lang.invoke.DirectMethodHandle$Holder.invokeStaticInit(java.lang.Object, java.lang.Object)'> (0x0000000710ec3f08) 
thrown [d:\a\1\jdk\src\hotspot\share\interpreter\linkResolver.cpp, line 766]
Event: 0.088 Thread 0x00000190aed96240 Exception <a 'java/lang/NoSuchMethodError'{0x0000000710eca5b0}: 'int java.lang.invoke.DirectMethodHandle$Holder.invokeStaticInit(java.lang.Object, java.lang.Object)'> (0x0000000710eca5b0) 
thrown [d:\a\1\jdk\src\hotspot\share\interpreter\linkResolver.cpp, line 766]
Event: 0.811 Thread 0x00000190aed96240 Exception <a 'java/lang/NoSuchMethodError'{0x000000071105c928}: 'java.lang.Object java.lang.invoke.DirectMethodHandle$Holder.invokeStaticInit(java.lang.Object, int, int, int, int)'> (0x000000071105c928) 
thrown [d:\a\1\jdk\src\hotspot\share\interpreter\linkResolver.cpp, line 766]
Event: 0.923 Thread 0x00000190aed96240 Exception <a 'java/lang/NoSuchMethodError'{0x00000007111f1e70}: 'java.lang.Object java.lang.invoke.DirectMethodHandle$Holder.invokeStaticInit(java.lang.Object, java.lang.Object, int, int, int, int)'> (0x00000007111f1e70) 
thrown [d:\a\1\jdk\src\hotspot\share\interpreter\linkResolver.cpp, line 766]
Event: 0.926 Thread 0x00000190aed96240 Exception <a 'java/lang/ClassNotFoundException'{0x00000007111fc860}: sun/awt/resources/spi/awtProvider> (0x00000007111fc860) 
thrown [d:\a\1\jdk\src\hotspot\share\classfile\systemDictionary.cpp, line 256]
Event: 0.938 Thread 0x00000190aed96240 Exception <a 'java/io/FileNotFoundException'{0x0000000710e45ee0}> (0x0000000710e45ee0) 
thrown [d:\a\1\jdk\src\hotspot\share\prims\jni.cpp, line 516]
Event: 0.942 Thread 0x00000190aed96240 Exception <a 'java/io/FileNotFoundException'{0x0000000710e73160}> (0x0000000710e73160) 
thrown [d:\a\1\jdk\src\hotspot\share\prims\jni.cpp, line 516]
Event: 1.062 Thread 0x00000190aed96240 Exception <a 'java/lang/NoSuchMethodError'{0x000000070f618c90}: 'void java.lang.invoke.DirectMethodHandle$Holder.invokeVirtual(java.lang.Object, java.lang.Object)'> (0x000000070f618c90) 
thrown [d:\a\1\jdk\src\hotspot\share\interpreter\linkResolver.cpp, line 766]

VM Operations (20 events):
Event: 0.060 Executing VM operation: HandshakeAllThreads
Event: 0.060 Executing VM operation: HandshakeAllThreads done
Event: 0.127 Executing VM operation: HandshakeAllThreads
Event: 0.127 Executing VM operation: HandshakeAllThreads done
Event: 0.529 Executing VM operation: G1CollectForAllocation
Event: 0.532 Executing VM operation: G1CollectForAllocation done
Event: 0.800 Executing VM operation: HandshakeAllThreads
Event: 0.800 Executing VM operation: HandshakeAllThreads done
Event: 0.822 Executing VM operation: HandshakeAllThreads
Event: 0.822 Executing VM operation: HandshakeAllThreads done
Event: 0.967 Executing VM operation: HandshakeAllThreads
Event: 0.967 Executing VM operation: HandshakeAllThreads done
Event: 1.010 Executing VM operation: G1CollectForAllocation
Event: 1.015 Executing VM operation: G1CollectForAllocation done
Event: 1.162 Executing VM operation: HandshakeAllThreads
Event: 1.162 Executing VM operation: HandshakeAllThreads done
Event: 1.186 Executing VM operation: G1CollectForAllocation
Event: 1.193 Executing VM operation: G1CollectForAllocation done
Event: 1.450 Executing VM operation: G1CollectForAllocation
Event: 1.454 Executing VM operation: G1CollectForAllocation done

Events (20 events):
Event: 1.517 Thread 0x00000190d4283a10 Thread exited: 0x00000190d4283a10
Event: 1.517 Thread 0x00000190d5362650 Thread exited: 0x00000190d5362650
Event: 1.517 Thread 0x00000190d42890b0 Thread exited: 0x00000190d42890b0
Event: 1.517 Thread 0x00000190d5364800 Thread exited: 0x00000190d5364800
Event: 1.517 Thread 0x00000190d6b67700 Thread exited: 0x00000190d6b67700
Event: 1.517 Thread 0x00000190d6b633a0 Thread exited: 0x00000190d6b633a0
Event: 1.517 Thread 0x00000190d53664e0 Thread exited: 0x00000190d53664e0
Event: 1.517 Thread 0x00000190d4288be0 Thread exited: 0x00000190d4288be0
Event: 1.517 Thread 0x00000190d6b62530 Thread exited: 0x00000190d6b62530
Event: 1.517 Thread 0x00000190d4286560 Thread exited: 0x00000190d4286560
Event: 1.517 Thread 0x00000190d4288710 Thread exited: 0x00000190d4288710
Event: 1.517 Thread 0x00000190d4284d50 Thread exited: 0x00000190d4284d50
Event: 1.517 Thread 0x00000190d4286090 Thread exited: 0x00000190d4286090
Event: 1.517 Thread 0x00000190d632f590 Thread exited: 0x00000190d632f590
Event: 1.517 Thread 0x00000190d6b66d60 Thread exited: 0x00000190d6b66d60
Event: 1.517 Thread 0x00000190d4283070 Thread exited: 0x00000190d4283070
Event: 1.517 Thread 0x00000190d6b65080 Thread exited: 0x00000190d6b65080
Event: 1.517 Thread 0x00000190d6b62060 Thread exited: 0x00000190d6b62060
Event: 1.517 Thread 0x00000190d5365670 Thread exited: 0x00000190d5365670
Event: 1.517 Thread 0x00000190d4ae8830 Thread exited: 0x00000190d4ae8830


Dynamic libraries:
0x00007ff6ae8f0000 - 0x00007ff6ae8fe000 	C:\Program Files\Microsoft\jdk-17.0.2.8-hotspot\bin\java.exe
0x00007ffb519b0000 - 0x00007ffb51bc7000 	C:\WINDOWS\SYSTEM32\ntdll.dll
0x00007ffb506a0000 - 0x00007ffb50764000 	C:\WINDOWS\System32\KERNEL32.DLL
0x00007ffb4f320000 - 0x00007ffb4f6c6000 	C:\WINDOWS\System32\KERNELBASE.dll
0x00007ffb4f140000 - 0x00007ffb4f251000 	C:\WINDOWS\System32\ucrtbase.dll
0x00007ffb14160000 - 0x00007ffb14178000 	C:\Program Files\Microsoft\jdk-17.0.2.8-hotspot\bin\jli.dll
0x00007ffb0f940000 - 0x00007ffb0f95b000 	C:\Program Files\Microsoft\jdk-17.0.2.8-hotspot\bin\VCRUNTIME140.dll
0x00007ffb50050000 - 0x00007ffb501fe000 	C:\WINDOWS\System32\USER32.dll
0x00007ffb4f6d0000 - 0x00007ffb4f6f6000 	C:\WINDOWS\System32\win32u.dll
0x00007ffb28680000 - 0x00007ffb28913000 	C:\WINDOWS\WinSxS\amd64_microsoft.windows.common-controls_6595b64144ccf1df_6.0.22621.2506_none_270c5ae97388e100\COMCTL32.dll
0x00007ffb4fee0000 - 0x00007ffb4ff09000 	C:\WINDOWS\System32\GDI32.dll
0x00007ffb4f7b0000 - 0x00007ffb4f857000 	C:\WINDOWS\System32\msvcrt.dll
0x00007ffb4f020000 - 0x00007ffb4f138000 	C:\WINDOWS\System32\gdi32full.dll
0x00007ffb4ef80000 - 0x00007ffb4f01a000 	C:\WINDOWS\System32\msvcp_win.dll
0x00007ffb51350000 - 0x00007ffb51381000 	C:\WINDOWS\System32\IMM32.DLL
0x00007ffb14600000 - 0x00007ffb1460c000 	C:\Program Files\Microsoft\jdk-17.0.2.8-hotspot\bin\vcruntime140_1.dll
0x00007ffb0ea40000 - 0x00007ffb0eacd000 	C:\Program Files\Microsoft\jdk-17.0.2.8-hotspot\bin\msvcp140.dll
0x00007ffb0c810000 - 0x00007ffb0d46b000 	C:\Program Files\Microsoft\jdk-17.0.2.8-hotspot\bin\server\jvm.dll
0x00007ffb50800000 - 0x00007ffb508b1000 	C:\WINDOWS\System32\ADVAPI32.dll
0x00007ffb4f880000 - 0x00007ffb4f925000 	C:\WINDOWS\System32\sechost.dll
0x00007ffb4fdc0000 - 0x00007ffb4fed7000 	C:\WINDOWS\System32\RPCRT4.dll
0x00007ffb50690000 - 0x00007ffb50698000 	C:\WINDOWS\System32\PSAPI.DLL
0x00007ffb1f5e0000 - 0x00007ffb1f5e9000 	C:\WINDOWS\SYSTEM32\WSOCK32.dll
0x00007ffb49670000 - 0x00007ffb496a4000 	C:\WINDOWS\SYSTEM32\WINMM.dll
0x00007ffb46500000 - 0x00007ffb4650a000 	C:\WINDOWS\SYSTEM32\VERSION.dll
0x00007ffb508c0000 - 0x00007ffb50931000 	C:\WINDOWS\System32\WS2_32.dll
0x00007ffb4dcf0000 - 0x00007ffb4dd08000 	C:\WINDOWS\SYSTEM32\kernel.appcore.dll
0x00007ffb141b0000 - 0x00007ffb141ba000 	C:\Program Files\Microsoft\jdk-17.0.2.8-hotspot\bin\jimage.dll
0x00007ffb4c310000 - 0x00007ffb4c543000 	C:\WINDOWS\SYSTEM32\DBGHELP.DLL
0x00007ffb51490000 - 0x00007ffb51819000 	C:\WINDOWS\System32\combase.dll
0x00007ffb51820000 - 0x00007ffb518f7000 	C:\WINDOWS\System32\OLEAUT32.dll
0x00007ffb45c10000 - 0x00007ffb45c42000 	C:\WINDOWS\SYSTEM32\dbgcore.DLL
0x00007ffb4ee90000 - 0x00007ffb4ef0a000 	C:\WINDOWS\System32\bcryptPrimitives.dll
0x00007ffb0f900000 - 0x00007ffb0f925000 	C:\Program Files\Microsoft\jdk-17.0.2.8-hotspot\bin\java.dll
0x00007ffb0e960000 - 0x00007ffb0ea37000 	C:\Program Files\Microsoft\jdk-17.0.2.8-hotspot\bin\jsvml.dll
0x00007ffb50950000 - 0x00007ffb511aa000 	C:\WINDOWS\System32\SHELL32.dll
0x00007ffb4cbf0000 - 0x00007ffb4d4e6000 	C:\WINDOWS\SYSTEM32\windows.storage.dll
0x00007ffb4cab0000 - 0x00007ffb4cbee000 	C:\WINDOWS\SYSTEM32\wintypes.dll
0x00007ffb51390000 - 0x00007ffb51483000 	C:\WINDOWS\System32\SHCORE.dll
0x00007ffb4fff0000 - 0x00007ffb5004e000 	C:\WINDOWS\System32\shlwapi.dll
0x00007ffb4ec50000 - 0x00007ffb4ec76000 	C:\WINDOWS\SYSTEM32\profapi.dll
0x00007ffb0f8c0000 - 0x00007ffb0f8d9000 	C:\Program Files\Microsoft\jdk-17.0.2.8-hotspot\bin\net.dll
0x00007ffb49d50000 - 0x00007ffb49e87000 	C:\WINDOWS\SYSTEM32\WINHTTP.dll
0x00007ffb4e1f0000 - 0x00007ffb4e259000 	C:\WINDOWS\system32\mswsock.dll
0x00007ffb0e940000 - 0x00007ffb0e956000 	C:\Program Files\Microsoft\jdk-17.0.2.8-hotspot\bin\nio.dll
0x00007ffb0f8e0000 - 0x00007ffb0f8f8000 	C:\Program Files\Microsoft\jdk-17.0.2.8-hotspot\bin\zip.dll
0x00000190aecf0000 - 0x00000190aecf3000 	C:\Program Files (x86)\Windows Kits\10\Redist\ucrt\DLLs\x64\api-ms-win-crt-locale-l1-1-0.dll
0x00000190aed00000 - 0x00000190aed04000 	C:\Program Files (x86)\Windows Kits\10\Redist\ucrt\DLLs\x64\api-ms-win-crt-string-l1-1-0.dll
0x00000190aed10000 - 0x00000190aed14000 	C:\Program Files (x86)\Windows Kits\10\Redist\ucrt\DLLs\x64\api-ms-win-crt-stdio-l1-1-0.dll
0x00000190aed20000 - 0x00000190aed25000 	C:\Program Files (x86)\Windows Kits\10\Redist\ucrt\DLLs\x64\api-ms-win-crt-math-l1-1-0.dll
0x00000190aed30000 - 0x00000190aed33000 	C:\Program Files (x86)\Windows Kits\10\Redist\ucrt\DLLs\x64\api-ms-win-crt-heap-l1-1-0.dll
0x00000190aed40000 - 0x00000190aed44000 	C:\Program Files (x86)\Windows Kits\10\Redist\ucrt\DLLs\x64\api-ms-win-crt-runtime-l1-1-0.dll
0x00000190aed50000 - 0x00000190aed54000 	C:\Program Files (x86)\Windows Kits\10\Redist\ucrt\DLLs\x64\api-ms-win-crt-convert-l1-1-0.dll
0x00000190d2a20000 - 0x00000190d2a23000 	C:\Program Files (x86)\Windows Kits\10\Redist\ucrt\DLLs\x64\api-ms-win-crt-environment-l1-1-0.dll
0x00000190d2a30000 - 0x00000190d2a33000 	C:\Program Files (x86)\Windows Kits\10\Redist\ucrt\DLLs\x64\api-ms-win-crt-time-l1-1-0.dll
0x00000190d2a40000 - 0x00000190d2a43000 	C:\Program Files (x86)\Windows Kits\10\Redist\ucrt\DLLs\x64\api-ms-win-crt-filesystem-l1-1-0.dll
0x00000190d2a50000 - 0x00000190d2a53000 	C:\Program Files (x86)\Windows Kits\10\Redist\ucrt\DLLs\x64\api-ms-win-crt-utility-l1-1-0.dll
0x00000190d2a60000 - 0x00000190d2a65000 	C:\Program Files (x86)\Windows Kits\10\Redist\ucrt\DLLs\x64\api-ms-win-crt-multibyte-l1-1-0.dll
0x00000190d2a70000 - 0x00000190d2a73000 	C:\Program Files (x86)\Windows Kits\10\Redist\ucrt\DLLs\x64\api-ms-win-crt-conio-l1-1-0.dll
0x00000190d2a80000 - 0x00000190d2a90000 	C:\Program Files (x86)\Windows Kits\10\Redist\ucrt\DLLs\x64\api-ms-win-crt-private-l1-1-0.dll
0x00000190d2a90000 - 0x00000190d2a93000 	C:\Program Files (x86)\Windows Kits\10\Redist\ucrt\DLLs\x64\api-ms-win-crt-process-l1-1-0.dll
0x00000190d2aa0000 - 0x00000190d2aa4000 	C:\Program Files\Microsoft\jdk-17.0.2.8-hotspot\bin\api-ms-win-core-console-l1-2-0.dll
0x00000190d2ab0000 - 0x00000190d2ab3000 	C:\Program Files (x86)\Windows Kits\10\Redist\ucrt\DLLs\x64\api-ms-win-core-string-l1-1-0.dll
0x00000190d2ac0000 - 0x00000190d2ac3000 	C:\Program Files (x86)\Windows Kits\10\Redist\ucrt\DLLs\x64\api-ms-win-core-errorhandling-l1-1-0.dll
0x00000190d2ad0000 - 0x00000190d2ad3000 	C:\Program Files (x86)\Windows Kits\10\Redist\ucrt\DLLs\x64\api-ms-win-core-timezone-l1-1-0.dll
0x00000190d2ae0000 - 0x00000190d2ae4000 	C:\Program Files (x86)\Windows Kits\10\Redist\ucrt\DLLs\x64\api-ms-win-core-file-l1-1-0.dll
0x00000190d2af0000 - 0x00000190d2af3000 	C:\Program Files (x86)\Windows Kits\10\Redist\ucrt\DLLs\x64\api-ms-win-core-namedpipe-l1-1-0.dll
0x00000190d2b00000 - 0x00000190d2b03000 	C:\Program Files (x86)\Windows Kits\10\Redist\ucrt\DLLs\x64\api-ms-win-core-handle-l1-1-0.dll
0x00000190d2b10000 - 0x00000190d2b13000 	C:\Program Files (x86)\Windows Kits\10\Redist\ucrt\DLLs\x64\api-ms-win-core-file-l2-1-0.dll
0x00000190d2b20000 - 0x00000190d2b23000 	C:\Program Files (x86)\Windows Kits\10\Redist\ucrt\DLLs\x64\api-ms-win-core-heap-l1-1-0.dll
0x00000190d2b30000 - 0x00000190d2b33000 	C:\Program Files (x86)\Windows Kits\10\Redist\ucrt\DLLs\x64\api-ms-win-core-libraryloader-l1-1-0.dll
0x00000190d2b40000 - 0x00000190d2b43000 	C:\Program Files (x86)\Windows Kits\10\Redist\ucrt\DLLs\x64\api-ms-win-core-synch-l1-1-0.dll
0x00000190d2b50000 - 0x00000190d2b53000 	C:\Program Files (x86)\Windows Kits\10\Redist\ucrt\DLLs\x64\api-ms-win-core-processthreads-l1-1-0.dll
0x00000190d2b60000 - 0x00000190d2b63000 	C:\Program Files (x86)\Windows Kits\10\Redist\ucrt\DLLs\x64\api-ms-win-core-processenvironment-l1-1-0.dll
0x00000190d2b70000 - 0x00000190d2b73000 	C:\Program Files (x86)\Windows Kits\10\Redist\ucrt\DLLs\x64\api-ms-win-core-datetime-l1-1-0.dll
0x00000190d2b80000 - 0x00000190d2b83000 	C:\Program Files (x86)\Windows Kits\10\Redist\ucrt\DLLs\x64\api-ms-win-core-localization-l1-2-0.dll
0x00000190d2b90000 - 0x00000190d2b93000 	C:\Program Files (x86)\Windows Kits\10\Redist\ucrt\DLLs\x64\api-ms-win-core-sysinfo-l1-1-0.dll
0x00000190d2ba0000 - 0x00000190d2ba3000 	C:\Program Files (x86)\Windows Kits\10\Redist\ucrt\DLLs\x64\api-ms-win-core-synch-l1-2-0.dll
0x00000190d2bb0000 - 0x00000190d2bb3000 	C:\Program Files (x86)\Windows Kits\10\Redist\ucrt\DLLs\x64\api-ms-win-core-console-l1-1-0.dll
0x00000190d2bc0000 - 0x00000190d2bc3000 	C:\Program Files (x86)\Windows Kits\10\Redist\ucrt\DLLs\x64\api-ms-win-core-debug-l1-1-0.dll
0x00000190d2bd0000 - 0x00000190d2bd3000 	C:\Program Files (x86)\Windows Kits\10\Redist\ucrt\DLLs\x64\api-ms-win-core-rtlsupport-l1-1-0.dll
0x00000190d2be0000 - 0x00000190d2be3000 	C:\Program Files (x86)\Windows Kits\10\Redist\ucrt\DLLs\x64\api-ms-win-core-processthreads-l1-1-1.dll
0x00000190d2bf0000 - 0x00000190d2bf3000 	C:\Program Files (x86)\Windows Kits\10\Redist\ucrt\DLLs\x64\api-ms-win-core-file-l1-2-0.dll
0x00000190d4fd0000 - 0x00000190d4fd3000 	C:\Program Files (x86)\Windows Kits\10\Redist\ucrt\DLLs\x64\api-ms-win-core-profile-l1-1-0.dll
0x00000190d4fe0000 - 0x00000190d4fe3000 	C:\Program Files (x86)\Windows Kits\10\Redist\ucrt\DLLs\x64\api-ms-win-core-memory-l1-1-0.dll
0x00000190d4ff0000 - 0x00000190d4ff3000 	C:\Program Files (x86)\Windows Kits\10\Redist\ucrt\DLLs\x64\api-ms-win-core-util-l1-1-0.dll
0x00000190d5fd0000 - 0x00000190d5fd3000 	C:\Program Files (x86)\Windows Kits\10\Redist\ucrt\DLLs\x64\api-ms-win-core-interlocked-l1-1-0.dll
0x00007ffb3fd50000 - 0x00007ffb3fe46000 	C:\Program Files (x86)\Windows Kits\10\Redist\ucrt\DLLs\x64\ucrtbase.dll
0x00007ffb453f0000 - 0x00007ffb453f9000 	C:\Windows\System32\msvcp140_1.dll
0x00007ffb3fd00000 - 0x00007ffb3fd4e000 	C:\Windows\System32\concrt140.dll
0x00007ffb3fcc0000 - 0x00007ffb3fcf1000 	C:\Windows\System32\vcomp140.dll
0x00007ffad98d0000 - 0x00007ffad99d0000 	C:\Windows\System32\opengl32.dll
0x00007ffb07240000 - 0x00007ffb0726d000 	C:\WINDOWS\SYSTEM32\GLU32.dll
0x00007ffb4b6c0000 - 0x00007ffb4b6f6000 	C:\WINDOWS\SYSTEM32\dxcore.dll
0x00007ffb3faa0000 - 0x00007ffb3fcbd000 	C:\Users\themi\.javacpp\cache\jaylib-4.5.0-0.jar\com\raylib\windows-x86_64\jniRaylib.dll
0x00007ffb3fa50000 - 0x00007ffb3fa96000 	C:\WINDOWS\SYSTEM32\dinput8.dll
0x00007ffb145c0000 - 0x00007ffb145d1000 	C:\WINDOWS\SYSTEM32\xinput1_4.dll
0x00007ffb4ea10000 - 0x00007ffb4ea5e000 	C:\WINDOWS\SYSTEM32\cfgmgr32.dll
0x00007ffb4e9e0000 - 0x00007ffb4ea0c000 	C:\WINDOWS\SYSTEM32\DEVOBJ.dll
0x00007ffb4b590000 - 0x00007ffb4b5bb000 	C:\WINDOWS\SYSTEM32\dwmapi.dll
0x00007ffb2c650000 - 0x00007ffb2c85a000 	C:\WINDOWS\SYSTEM32\inputhost.dll
0x00007ffb4afe0000 - 0x00007ffb4b113000 	C:\WINDOWS\SYSTEM32\CoreMessaging.dll
0x00007ffb4b3b0000 - 0x00007ffb4b45b000 	C:\WINDOWS\system32\uxtheme.dll
0x00007ffb4e480000 - 0x00007ffb4e48c000 	C:\WINDOWS\SYSTEM32\CRYPTBASE.DLL
0x00007ffb50430000 - 0x00007ffb50580000 	C:\WINDOWS\System32\MSCTF.dll
0x00007ffb4d4f0000 - 0x00007ffb4d4fe000 	C:\WINDOWS\SYSTEM32\HID.DLL
0x00007ffb4f940000 - 0x00007ffb4fdb4000 	C:\WINDOWS\System32\SETUPAPI.DLL
0x00007ffb4ef10000 - 0x00007ffb4ef7b000 	C:\WINDOWS\System32\WINTRUST.dll
0x00007ffb4ed20000 - 0x00007ffb4ee86000 	C:\WINDOWS\System32\CRYPT32.dll
0x00007ffb4e9c0000 - 0x00007ffb4e9d2000 	C:\WINDOWS\SYSTEM32\MSASN1.dll
0x00007ffb4f700000 - 0x00007ffb4f7b0000 	C:\WINDOWS\System32\clbcatq.dll
0x00007ffac6200000 - 0x00007ffaca492000 	C:\WINDOWS\System32\DriverStore\FileRepository\nvmdig.inf_amd64_bdb2eb4088db0b4b\nvoglv64.dll
0x00007ffb511b0000 - 0x00007ffb51350000 	C:\WINDOWS\System32\ole32.dll
0x00007ffb4da90000 - 0x00007ffb4daa4000 	C:\WINDOWS\SYSTEM32\WTSAPI32.dll
0x00007ffb4e6b0000 - 0x00007ffb4e6d8000 	C:\WINDOWS\SYSTEM32\bcrypt.dll
0x00007ffb46450000 - 0x00007ffb46482000 	C:\WINDOWS\SYSTEM32\cryptnet.dll
0x00007ffb462f0000 - 0x00007ffb46448000 	C:\WINDOWS\SYSTEM32\drvstore.dll
0x00007ffb4e520000 - 0x00007ffb4e56b000 	C:\WINDOWS\SYSTEM32\wldp.dll
0x00007ffb4dd10000 - 0x00007ffb4dd44000 	C:\WINDOWS\SYSTEM32\ntmarta.dll
0x00007ffb0a550000 - 0x00007ffb0a821000 	C:\WINDOWS\system32\nvspcap64.dll
0x00007ffb4e5f0000 - 0x00007ffb4e63d000 	C:\WINDOWS\SYSTEM32\powrprof.dll
0x00007ffb4e570000 - 0x00007ffb4e583000 	C:\WINDOWS\SYSTEM32\UMPDC.dll
0x00007ffb4e0d0000 - 0x00007ffb4e136000 	C:\WINDOWS\SYSTEM32\WINSTA.dll
0x00007ffb2c500000 - 0x00007ffb2c64a000 	C:\WINDOWS\SYSTEM32\textinputframework.dll
0x00007ffb3ce70000 - 0x00007ffb3d1dc000 	C:\WINDOWS\SYSTEM32\CoreUIComponents.dll
0x00007ffb44490000 - 0x00007ffb444f9000 	C:\WINDOWS\system32\Oleacc.dll
0x00007ffb4e460000 - 0x00007ffb4e47b000 	C:\WINDOWS\SYSTEM32\CRYPTSP.dll
0x00007ffb4dc50000 - 0x00007ffb4dc85000 	C:\WINDOWS\system32\rsaenh.dll

dbghelp: loaded successfully - version: 4.0.5 - missing functions: none
symbol engine: initialized successfully - sym options: 0x614 - pdb path: .;C:\Program Files\Microsoft\jdk-17.0.2.8-hotspot\bin;C:\WINDOWS\SYSTEM32;C:\WINDOWS\WinSxS\amd64_microsoft.windows.common-controls_6595b64144ccf1df_6.0.22621.2506_none_270c5ae97388e100;C:\Program Files\Microsoft\jdk-17.0.2.8-hotspot\bin\server;C:\Program Files (x86)\Windows Kits\10\Redist\ucrt\DLLs\x64;C:\Users\themi\.javacpp\cache\jaylib-4.5.0-0.jar\com\raylib\windows-x86_64;C:\WINDOWS\System32\DriverStore\FileRepository\nvmdig.inf_amd64_bdb2eb4088db0b4b

VM Arguments:
jvm_args: -Dfile.encoding=windows-1251 -Duser.country=RU -Duser.language=ru -Duser.variant 
java_command: me.velikoss.Main
java_class_path (initial): F:\Projects\trees\trees\build\classes\java\main;F:\Projects\trees\trees\build\resources\main;C:\Users\themi\.gradle\caches\modules-2\files-2.1\uk.co.electronstudio.jaylib\jaylib\4.5.0-0\90c0d608df9bbd32f5f34683acc58cb433e94508\jaylib-4.5.0-0.jar;C:\Users\themi\.gradle\caches\modules-2\files-2.1\org.projectlombok\lombok\1.18.28\a2ff5da8bcd8b1b26f36b806ced63213362c6dcc\lombok-1.18.28.jar;C:\Users\themi\.gradle\caches\modules-2\files-2.1\es.usc.citius.common\parallel-loops\1.0\9e4dbbdb1f33a74de2d3cd77025355c30856b712\parallel-loops-1.0.jar;C:\Users\themi\.gradle\caches\modules-2\files-2.1\com.google.code.gson\gson\2.10.1\b3add478d4382b78ea20b1671390a858002feb6c\gson-2.10.1.jar
Launcher Type: SUN_STANDARD

[Global flags]
     intx CICompilerCount                          = 12                                        {product} {ergonomic}
     uint ConcGCThreads                            = 3                                         {product} {ergonomic}
     uint G1ConcRefinementThreads                  = 13                                        {product} {ergonomic}
   size_t G1HeapRegionSize                         = 2097152                                   {product} {ergonomic}
    uintx GCDrainStackTargetSize                   = 64                                        {product} {ergonomic}
   size_t InitialHeapSize                          = 268435456                                 {product} {ergonomic}
   size_t MarkStackSize                            = 4194304                                   {product} {ergonomic}
   size_t MaxHeapSize                              = 4276092928                                {product} {ergonomic}
   size_t MaxNewSize                               = 2564816896                                {product} {ergonomic}
   size_t MinHeapDeltaBytes                        = 2097152                                   {product} {ergonomic}
   size_t MinHeapSize                              = 8388608                                   {product} {ergonomic}
    uintx NonNMethodCodeHeapSize                   = 7602480                                {pd product} {ergonomic}
    uintx NonProfiledCodeHeapSize                  = 122027880                              {pd product} {ergonomic}
    uintx ProfiledCodeHeapSize                     = 122027880                              {pd product} {ergonomic}
    uintx ReservedCodeCacheSize                    = 251658240                              {pd product} {ergonomic}
     bool SegmentedCodeCache                       = true                                      {product} {ergonomic}
   size_t SoftMaxHeapSize                          = 4276092928                             {manageable} {ergonomic}
     bool UseCompressedClassPointers               = true                           {product lp64_product} {ergonomic}
     bool UseCompressedOops                        = true                           {product lp64_product} {ergonomic}
     bool UseG1GC                                  = true                                      {product} {ergonomic}
     bool UseLargePagesIndividualAllocation        = false                                  {pd product} {ergonomic}

Logging:
Log output configuration:
 #0: stdout all=warning uptime,level,tags
 #1: stderr all=off uptime,level,tags

Environment Variables:
JAVA_HOME=C:\Users\themi\.jdks\azul-15.0.7
PATH=C:\Windows\System32;C:\ProgramData\miniconda3\condabin;C:\Program Files (x86)\Common Files\Oracle\Java\javapath;C:\Program Files (x86)\Common Files\Intel\Shared Libraries\redist\ia32\compiler;C:\Program Files (x86)\Common Files\Intel\Shared Libraries\redist\intel64\compiler;C:\Program Files\Microsoft\jdk-17.0.2.8-hotspot\bin;C:\Windows\system32;C:\Windows;C:\Windows\System32\Wbem;C:\Windows\System32\WindowsPowerShell\v1.0\;C:\Windows\System32\OpenSSH\;C:\Program Files (x86)\NVIDIA Corporation\PhysX\Common;C:\Program Files\Git\cmd;C:\Program Files\nodejs\;C:\ProgramData\chocolatey\bin;C:\Program Files\Java\jdk-17.0.1\bin;C:\Program Files\WorldPainter;C:\Program Files\Microsoft SQL Server\150\Tools\Binn\;C:\Program Files\PuTTY\;C:\Program Files\Microsoft SQL Server\130\Tools\Binn\;C:\Program Files\dotnet\;C:\Gradle\bin;C:\Users\themi\AppData\Local\Android\Sdk\platform-tools;C:\Program Files\Java\jdk-17.0.1;C:\Program Files\Microsoft SQL Server\Client SDK\ODBC\1;C:\Program Files\NVIDIA Corporation\NVIDIA NvDLISR;D:\flutter\bin;C:\Users\themi\AppData\Local\Programs\Python\Python311\Scripts\;C:\Users\themi\AppData\Local\Programs\Python\Python311\;C:\Windows\System32;C:\ProgramData\miniconda3\condabin;C:\Program Files (x86)\Common Files\Oracle\Java\javapath;C:\Program Files (x86)\Common Files\Intel\Shared Libraries\redist\ia32\compiler;C:\Program Files (x86)\Common Files\Intel\Shared Libraries\redist\intel64\compiler;C:\Program Files\Microsoft\jdk-17.0.2.8-hotspot\bin;C:\Windows\system32;C:\Windows;C:\Windows\System32\Wbem;C:\Windows\System32\WindowsPowerShell\v1.0\;C:\Windows\System32\OpenSSH\;C:\Program Files\NVIDIA Corporation\NVIDIA NvDLISR;C:\Program Files (x86)\NVIDIA Corporation\PhysX\Common;C:\Program Files\Git\cmd;C:\Program Files\nodejs\;C:\ProgramData\chocolatey\bin;C:\Program Files\Java\jdk-17.0.1\bin;C:\Program Files\WorldPainter;C:\Program Files\Microsoft SQL Server\150\Tools\Binn\;C:\Program Files\PuTTY\;C:\Program Files\Microsoft SQL Server\130\Tools\Bin
USERNAME=themi
OS=Windows_NT
PROCESSOR_IDENTIFIER=AMD64 Family 23 Model 8 Stepping 2, AuthenticAMD



---------------  S Y S T E M  ---------------

OS:
 Windows 11 , 64 bit Build 22621 (10.0.22621.2506)
OS uptime: 0 days 2:11 hours
Hyper-V role detected

CPU: total 16 (initial active 16) (16 cores per cpu, 2 threads per core) family 23 model 8 stepping 2 microcode 0x0, cx8, cmov, fxsr, ht, mmx, 3dnowpref, sse, sse2, sse3, ssse3, sse4a, sse4.1, sse4.2, popcnt, lzcnt, tsc, tscinvbit, avx, avx2, aes, clmul, bmi1, bmi2, adx, sha, fma, vzeroupper, clflush, clflushopt, hv

Memory: 4k page, system-wide physical 16309M (7266M free)
TotalPageFile size 32181M (AvailPageFile size 8555M)
current process WorkingSet (physical memory assigned to process): 200M, peak: 203M
current process commit charge ("private bytes"): 471M, peak: 483M

vm_info: OpenJDK 64-Bit Server VM (17.0.2+8-LTS) for windows-amd64 JRE (17.0.2+8-LTS), built on Jan 20 2022 23:44:16 by "" with MS VC++ 16.10 / 16.11 (VS2019)

END.
